This is pdfTeX, Version 3.14159265-2.6-1.40.16 (TeX Live 2015/Debian) (preloaded format=pdflatex 2016.9.13)  8 DEC 2016 15:08
entering extended mode
 restricted \write18 enabled.
 %&-line parsing enabled.
**inf1400.tex
(./inf1400.tex
LaTeX2e <2016/02/01>
Babel <3.9q> and hyphenation patterns for 81 language(s) loaded.
(/usr/share/texlive/texmf-dist/tex/latex/base/article.cls
Document Class: article 2014/09/29 v1.4h Standard LaTeX document class
(/usr/share/texlive/texmf-dist/tex/latex/base/size10.clo
File: size10.clo 2014/09/29 v1.4h Standard LaTeX file (size option)
)
\c@part=\count79
\c@section=\count80
\c@subsection=\count81
\c@subsubsection=\count82
\c@paragraph=\count83
\c@subparagraph=\count84
\c@figure=\count85
\c@table=\count86
\abovecaptionskip=\skip41
\belowcaptionskip=\skip42
\bibindent=\dimen102
)
(/usr/share/texlive/texmf-dist/tex/latex/amsmath/amsmath.sty
Package: amsmath 2016/03/03 v2.15a AMS math features
\@mathmargin=\skip43

For additional information on amsmath, use the `?' option.
(/usr/share/texlive/texmf-dist/tex/latex/amsmath/amstext.sty
Package: amstext 2000/06/29 v2.01 AMS text

(/usr/share/texlive/texmf-dist/tex/latex/amsmath/amsgen.sty
File: amsgen.sty 1999/11/30 v2.0 generic functions
\@emptytoks=\toks14
\ex@=\dimen103
))
(/usr/share/texlive/texmf-dist/tex/latex/amsmath/amsbsy.sty
Package: amsbsy 1999/11/29 v1.2d Bold Symbols
\pmbraise@=\dimen104
)
(/usr/share/texlive/texmf-dist/tex/latex/amsmath/amsopn.sty
Package: amsopn 1999/12/14 v2.01 operator names
)
\inf@bad=\count87
LaTeX Info: Redefining \frac on input line 199.
\uproot@=\count88
\leftroot@=\count89
LaTeX Info: Redefining \overline on input line 297.
\classnum@=\count90
\DOTSCASE@=\count91
LaTeX Info: Redefining \ldots on input line 394.
LaTeX Info: Redefining \dots on input line 397.
LaTeX Info: Redefining \cdots on input line 518.
\Mathstrutbox@=\box26
\strutbox@=\box27
\big@size=\dimen105
LaTeX Font Info:    Redeclaring font encoding OML on input line 630.
LaTeX Font Info:    Redeclaring font encoding OMS on input line 631.
\macc@depth=\count92
\c@MaxMatrixCols=\count93
\dotsspace@=\muskip10
\c@parentequation=\count94
\dspbrk@lvl=\count95
\tag@help=\toks15
\row@=\count96
\column@=\count97
\maxfields@=\count98
\andhelp@=\toks16
\eqnshift@=\dimen106
\alignsep@=\dimen107
\tagshift@=\dimen108
\tagwidth@=\dimen109
\totwidth@=\dimen110
\lineht@=\dimen111
\@envbody=\toks17
\multlinegap=\skip44
\multlinetaggap=\skip45
\mathdisplay@stack=\toks18
LaTeX Info: Redefining \[ on input line 2735.
LaTeX Info: Redefining \] on input line 2736.
)
(/usr/share/texlive/texmf-dist/tex/latex/esint/esint.sty
Package: esint 
\symlargesymbolsA=\mathgroup4
)
(/usr/share/texlive/texmf-dist/tex/latex/base/inputenc.sty
Package: inputenc 2015/03/17 v1.2c Input encoding file
\inpenc@prehook=\toks19
\inpenc@posthook=\toks20

(/usr/share/texlive/texmf-dist/tex/latex/base/utf8.def
File: utf8.def 2015/12/03 v1.1r UTF-8 support for inputenc
Now handling font encoding OML ...
... no UTF-8 mapping file for font encoding OML
Now handling font encoding T1 ...
... processing UTF-8 mapping file for font encoding T1

(/usr/share/texlive/texmf-dist/tex/latex/base/t1enc.dfu
File: t1enc.dfu 2015/12/03 v1.1r UTF-8 support for inputenc
   defining Unicode char U+00A0 (decimal 160)
   defining Unicode char U+00A1 (decimal 161)
   defining Unicode char U+00A3 (decimal 163)
   defining Unicode char U+00AB (decimal 171)
   defining Unicode char U+00AD (decimal 173)
   defining Unicode char U+00BB (decimal 187)
   defining Unicode char U+00BF (decimal 191)
   defining Unicode char U+00C0 (decimal 192)
   defining Unicode char U+00C1 (decimal 193)
   defining Unicode char U+00C2 (decimal 194)
   defining Unicode char U+00C3 (decimal 195)
   defining Unicode char U+00C4 (decimal 196)
   defining Unicode char U+00C5 (decimal 197)
   defining Unicode char U+00C6 (decimal 198)
   defining Unicode char U+00C7 (decimal 199)
   defining Unicode char U+00C8 (decimal 200)
   defining Unicode char U+00C9 (decimal 201)
   defining Unicode char U+00CA (decimal 202)
   defining Unicode char U+00CB (decimal 203)
   defining Unicode char U+00CC (decimal 204)
   defining Unicode char U+00CD (decimal 205)
   defining Unicode char U+00CE (decimal 206)
   defining Unicode char U+00CF (decimal 207)
   defining Unicode char U+00D0 (decimal 208)
   defining Unicode char U+00D1 (decimal 209)
   defining Unicode char U+00D2 (decimal 210)
   defining Unicode char U+00D3 (decimal 211)
   defining Unicode char U+00D4 (decimal 212)
   defining Unicode char U+00D5 (decimal 213)
   defining Unicode char U+00D6 (decimal 214)
   defining Unicode char U+00D8 (decimal 216)
   defining Unicode char U+00D9 (decimal 217)
   defining Unicode char U+00DA (decimal 218)
   defining Unicode char U+00DB (decimal 219)
   defining Unicode char U+00DC (decimal 220)
   defining Unicode char U+00DD (decimal 221)
   defining Unicode char U+00DE (decimal 222)
   defining Unicode char U+00DF (decimal 223)
   defining Unicode char U+00E0 (decimal 224)
   defining Unicode char U+00E1 (decimal 225)
   defining Unicode char U+00E2 (decimal 226)
   defining Unicode char U+00E3 (decimal 227)
   defining Unicode char U+00E4 (decimal 228)
   defining Unicode char U+00E5 (decimal 229)
   defining Unicode char U+00E6 (decimal 230)
   defining Unicode char U+00E7 (decimal 231)
   defining Unicode char U+00E8 (decimal 232)
   defining Unicode char U+00E9 (decimal 233)
   defining Unicode char U+00EA (decimal 234)
   defining Unicode char U+00EB (decimal 235)
   defining Unicode char U+00EC (decimal 236)
   defining Unicode char U+00ED (decimal 237)
   defining Unicode char U+00EE (decimal 238)
   defining Unicode char U+00EF (decimal 239)
   defining Unicode char U+00F0 (decimal 240)
   defining Unicode char U+00F1 (decimal 241)
   defining Unicode char U+00F2 (decimal 242)
   defining Unicode char U+00F3 (decimal 243)
   defining Unicode char U+00F4 (decimal 244)
   defining Unicode char U+00F5 (decimal 245)
   defining Unicode char U+00F6 (decimal 246)
   defining Unicode char U+00F8 (decimal 248)
   defining Unicode char U+00F9 (decimal 249)
   defining Unicode char U+00FA (decimal 250)
   defining Unicode char U+00FB (decimal 251)
   defining Unicode char U+00FC (decimal 252)
   defining Unicode char U+00FD (decimal 253)
   defining Unicode char U+00FE (decimal 254)
   defining Unicode char U+00FF (decimal 255)
   defining Unicode char U+0100 (decimal 256)
   defining Unicode char U+0101 (decimal 257)
   defining Unicode char U+0102 (decimal 258)
   defining Unicode char U+0103 (decimal 259)
   defining Unicode char U+0104 (decimal 260)
   defining Unicode char U+0105 (decimal 261)
   defining Unicode char U+0106 (decimal 262)
   defining Unicode char U+0107 (decimal 263)
   defining Unicode char U+0108 (decimal 264)
   defining Unicode char U+0109 (decimal 265)
   defining Unicode char U+010A (decimal 266)
   defining Unicode char U+010B (decimal 267)
   defining Unicode char U+010C (decimal 268)
   defining Unicode char U+010D (decimal 269)
   defining Unicode char U+010E (decimal 270)
   defining Unicode char U+010F (decimal 271)
   defining Unicode char U+0110 (decimal 272)
   defining Unicode char U+0111 (decimal 273)
   defining Unicode char U+0112 (decimal 274)
   defining Unicode char U+0113 (decimal 275)
   defining Unicode char U+0114 (decimal 276)
   defining Unicode char U+0115 (decimal 277)
   defining Unicode char U+0116 (decimal 278)
   defining Unicode char U+0117 (decimal 279)
   defining Unicode char U+0118 (decimal 280)
   defining Unicode char U+0119 (decimal 281)
   defining Unicode char U+011A (decimal 282)
   defining Unicode char U+011B (decimal 283)
   defining Unicode char U+011C (decimal 284)
   defining Unicode char U+011D (decimal 285)
   defining Unicode char U+011E (decimal 286)
   defining Unicode char U+011F (decimal 287)
   defining Unicode char U+0120 (decimal 288)
   defining Unicode char U+0121 (decimal 289)
   defining Unicode char U+0122 (decimal 290)
   defining Unicode char U+0123 (decimal 291)
   defining Unicode char U+0124 (decimal 292)
   defining Unicode char U+0125 (decimal 293)
   defining Unicode char U+0128 (decimal 296)
   defining Unicode char U+0129 (decimal 297)
   defining Unicode char U+012A (decimal 298)
   defining Unicode char U+012B (decimal 299)
   defining Unicode char U+012C (decimal 300)
   defining Unicode char U+012D (decimal 301)
   defining Unicode char U+012E (decimal 302)
   defining Unicode char U+012F (decimal 303)
   defining Unicode char U+0130 (decimal 304)
   defining Unicode char U+0131 (decimal 305)
   defining Unicode char U+0132 (decimal 306)
   defining Unicode char U+0133 (decimal 307)
   defining Unicode char U+0134 (decimal 308)
   defining Unicode char U+0135 (decimal 309)
   defining Unicode char U+0136 (decimal 310)
   defining Unicode char U+0137 (decimal 311)
   defining Unicode char U+0139 (decimal 313)
   defining Unicode char U+013A (decimal 314)
   defining Unicode char U+013B (decimal 315)
   defining Unicode char U+013C (decimal 316)
   defining Unicode char U+013D (decimal 317)
   defining Unicode char U+013E (decimal 318)
   defining Unicode char U+0141 (decimal 321)
   defining Unicode char U+0142 (decimal 322)
   defining Unicode char U+0143 (decimal 323)
   defining Unicode char U+0144 (decimal 324)
   defining Unicode char U+0145 (decimal 325)
   defining Unicode char U+0146 (decimal 326)
   defining Unicode char U+0147 (decimal 327)
   defining Unicode char U+0148 (decimal 328)
   defining Unicode char U+014A (decimal 330)
   defining Unicode char U+014B (decimal 331)
   defining Unicode char U+014C (decimal 332)
   defining Unicode char U+014D (decimal 333)
   defining Unicode char U+014E (decimal 334)
   defining Unicode char U+014F (decimal 335)
   defining Unicode char U+0150 (decimal 336)
   defining Unicode char U+0151 (decimal 337)
   defining Unicode char U+0152 (decimal 338)
   defining Unicode char U+0153 (decimal 339)
   defining Unicode char U+0154 (decimal 340)
   defining Unicode char U+0155 (decimal 341)
   defining Unicode char U+0156 (decimal 342)
   defining Unicode char U+0157 (decimal 343)
   defining Unicode char U+0158 (decimal 344)
   defining Unicode char U+0159 (decimal 345)
   defining Unicode char U+015A (decimal 346)
   defining Unicode char U+015B (decimal 347)
   defining Unicode char U+015C (decimal 348)
   defining Unicode char U+015D (decimal 349)
   defining Unicode char U+015E (decimal 350)
   defining Unicode char U+015F (decimal 351)
   defining Unicode char U+0160 (decimal 352)
   defining Unicode char U+0161 (decimal 353)
   defining Unicode char U+0162 (decimal 354)
   defining Unicode char U+0163 (decimal 355)
   defining Unicode char U+0164 (decimal 356)
   defining Unicode char U+0165 (decimal 357)
   defining Unicode char U+0168 (decimal 360)
   defining Unicode char U+0169 (decimal 361)
   defining Unicode char U+016A (decimal 362)
   defining Unicode char U+016B (decimal 363)
   defining Unicode char U+016C (decimal 364)
   defining Unicode char U+016D (decimal 365)
   defining Unicode char U+016E (decimal 366)
   defining Unicode char U+016F (decimal 367)
   defining Unicode char U+0170 (decimal 368)
   defining Unicode char U+0171 (decimal 369)
   defining Unicode char U+0172 (decimal 370)
   defining Unicode char U+0173 (decimal 371)
   defining Unicode char U+0174 (decimal 372)
   defining Unicode char U+0175 (decimal 373)
   defining Unicode char U+0176 (decimal 374)
   defining Unicode char U+0177 (decimal 375)
   defining Unicode char U+0178 (decimal 376)
   defining Unicode char U+0179 (decimal 377)
   defining Unicode char U+017A (decimal 378)
   defining Unicode char U+017B (decimal 379)
   defining Unicode char U+017C (decimal 380)
   defining Unicode char U+017D (decimal 381)
   defining Unicode char U+017E (decimal 382)
   defining Unicode char U+01CD (decimal 461)
   defining Unicode char U+01CE (decimal 462)
   defining Unicode char U+01CF (decimal 463)
   defining Unicode char U+01D0 (decimal 464)
   defining Unicode char U+01D1 (decimal 465)
   defining Unicode char U+01D2 (decimal 466)
   defining Unicode char U+01D3 (decimal 467)
   defining Unicode char U+01D4 (decimal 468)
   defining Unicode char U+01E2 (decimal 482)
   defining Unicode char U+01E3 (decimal 483)
   defining Unicode char U+01E6 (decimal 486)
   defining Unicode char U+01E7 (decimal 487)
   defining Unicode char U+01E8 (decimal 488)
   defining Unicode char U+01E9 (decimal 489)
   defining Unicode char U+01EA (decimal 490)
   defining Unicode char U+01EB (decimal 491)
   defining Unicode char U+01F0 (decimal 496)
   defining Unicode char U+01F4 (decimal 500)
   defining Unicode char U+01F5 (decimal 501)
   defining Unicode char U+0218 (decimal 536)
   defining Unicode char U+0219 (decimal 537)
   defining Unicode char U+021A (decimal 538)
   defining Unicode char U+021B (decimal 539)
   defining Unicode char U+01E02 (decimal 7682)
   defining Unicode char U+01E03 (decimal 7683)
   defining Unicode char U+200C (decimal 8204)
   defining Unicode char U+2013 (decimal 8211)
   defining Unicode char U+2014 (decimal 8212)
   defining Unicode char U+2018 (decimal 8216)
   defining Unicode char U+2019 (decimal 8217)
   defining Unicode char U+201A (decimal 8218)
   defining Unicode char U+201C (decimal 8220)
   defining Unicode char U+201D (decimal 8221)
   defining Unicode char U+201E (decimal 8222)
   defining Unicode char U+2030 (decimal 8240)
   defining Unicode char U+2031 (decimal 8241)
   defining Unicode char U+2039 (decimal 8249)
   defining Unicode char U+203A (decimal 8250)
   defining Unicode char U+2423 (decimal 9251)
)
Now handling font encoding OT1 ...
... processing UTF-8 mapping file for font encoding OT1

(/usr/share/texlive/texmf-dist/tex/latex/base/ot1enc.dfu
File: ot1enc.dfu 2015/12/03 v1.1r UTF-8 support for inputenc
   defining Unicode char U+00A0 (decimal 160)
   defining Unicode char U+00A1 (decimal 161)
   defining Unicode char U+00A3 (decimal 163)
   defining Unicode char U+00AD (decimal 173)
   defining Unicode char U+00B8 (decimal 184)
   defining Unicode char U+00BF (decimal 191)
   defining Unicode char U+00C5 (decimal 197)
   defining Unicode char U+00C6 (decimal 198)
   defining Unicode char U+00D8 (decimal 216)
   defining Unicode char U+00DF (decimal 223)
   defining Unicode char U+00E6 (decimal 230)
   defining Unicode char U+00EC (decimal 236)
   defining Unicode char U+00ED (decimal 237)
   defining Unicode char U+00EE (decimal 238)
   defining Unicode char U+00EF (decimal 239)
   defining Unicode char U+00F8 (decimal 248)
   defining Unicode char U+0131 (decimal 305)
   defining Unicode char U+0141 (decimal 321)
   defining Unicode char U+0142 (decimal 322)
   defining Unicode char U+0152 (decimal 338)
   defining Unicode char U+0153 (decimal 339)
   defining Unicode char U+0174 (decimal 372)
   defining Unicode char U+0175 (decimal 373)
   defining Unicode char U+0176 (decimal 374)
   defining Unicode char U+0177 (decimal 375)
   defining Unicode char U+0218 (decimal 536)
   defining Unicode char U+0219 (decimal 537)
   defining Unicode char U+021A (decimal 538)
   defining Unicode char U+021B (decimal 539)
   defining Unicode char U+2013 (decimal 8211)
   defining Unicode char U+2014 (decimal 8212)
   defining Unicode char U+2018 (decimal 8216)
   defining Unicode char U+2019 (decimal 8217)
   defining Unicode char U+201C (decimal 8220)
   defining Unicode char U+201D (decimal 8221)
)
Now handling font encoding OMS ...
... processing UTF-8 mapping file for font encoding OMS

(/usr/share/texlive/texmf-dist/tex/latex/base/omsenc.dfu
File: omsenc.dfu 2015/12/03 v1.1r UTF-8 support for inputenc
   defining Unicode char U+00A7 (decimal 167)
   defining Unicode char U+00B6 (decimal 182)
   defining Unicode char U+00B7 (decimal 183)
   defining Unicode char U+2020 (decimal 8224)
   defining Unicode char U+2021 (decimal 8225)
   defining Unicode char U+2022 (decimal 8226)
)
Now handling font encoding OMX ...
... no UTF-8 mapping file for font encoding OMX
Now handling font encoding U ...
... no UTF-8 mapping file for font encoding U
   defining Unicode char U+00A9 (decimal 169)
   defining Unicode char U+00AA (decimal 170)
   defining Unicode char U+00AE (decimal 174)
   defining Unicode char U+00BA (decimal 186)
   defining Unicode char U+02C6 (decimal 710)
   defining Unicode char U+02DC (decimal 732)
   defining Unicode char U+200C (decimal 8204)
   defining Unicode char U+2026 (decimal 8230)
   defining Unicode char U+2122 (decimal 8482)
   defining Unicode char U+2423 (decimal 9251)
))
(/usr/share/texlive/texmf-dist/tex/latex/listings/listings.sty
(/usr/share/texlive/texmf-dist/tex/latex/graphics/keyval.sty
Package: keyval 2014/10/28 v1.15 key=value parser (DPC)
\KV@toks@=\toks21
)
\lst@mode=\count99
\lst@gtempboxa=\box28
\lst@token=\toks22
\lst@length=\count100
\lst@currlwidth=\dimen112
\lst@column=\count101
\lst@pos=\count102
\lst@lostspace=\dimen113
\lst@width=\dimen114
\lst@newlines=\count103
\lst@lineno=\count104
\lst@maxwidth=\dimen115

(/usr/share/texlive/texmf-dist/tex/latex/listings/lstmisc.sty
File: lstmisc.sty 2015/06/04 1.6 (Carsten Heinz)
\c@lstnumber=\count105
\lst@skipnumbers=\count106
\lst@framebox=\box29
)
(/usr/share/texlive/texmf-dist/tex/latex/listings/listings.cfg
File: listings.cfg 2015/06/04 1.6 listings configuration
))
Package: listings 2015/06/04 1.6 (Carsten Heinz)

(/usr/share/texlive/texmf-dist/tex/latex/graphics/graphicx.sty
Package: graphicx 2014/10/28 v1.0g Enhanced LaTeX Graphics (DPC,SPQR)

(/usr/share/texlive/texmf-dist/tex/latex/graphics/graphics.sty
Package: graphics 2016/01/03 v1.0q Standard LaTeX Graphics (DPC,SPQR)

(/usr/share/texlive/texmf-dist/tex/latex/graphics/trig.sty
Package: trig 2016/01/03 v1.10 sin cos tan (DPC)
)
(/usr/share/texlive/texmf-dist/tex/latex/latexconfig/graphics.cfg
File: graphics.cfg 2010/04/23 v1.9 graphics configuration of TeX Live
)
Package graphics Info: Driver file: pdftex.def on input line 95.

(/usr/share/texlive/texmf-dist/tex/latex/pdftex-def/pdftex.def
File: pdftex.def 2011/05/27 v0.06d Graphics/color for pdfTeX

(/usr/share/texlive/texmf-dist/tex/generic/oberdiek/infwarerr.sty
Package: infwarerr 2010/04/08 v1.3 Providing info/warning/error messages (HO)
)
(/usr/share/texlive/texmf-dist/tex/generic/oberdiek/ltxcmds.sty
Package: ltxcmds 2011/11/09 v1.22 LaTeX kernel commands for general use (HO)
)
\Gread@gobject=\count107
))
\Gin@req@height=\dimen116
\Gin@req@width=\dimen117
)
(/usr/share/texlive/texmf-dist/tex/latex/float/float.sty
Package: float 2001/11/08 v1.3d Float enhancements (AL)
\c@float@type=\count108
\float@exts=\toks23
\float@box=\box30
\@float@everytoks=\toks24
\@floatcapt=\box31
)
(/usr/share/texlive/texmf-dist/tex/latex/xcolor/xcolor.sty
Package: xcolor 2007/01/21 v2.11 LaTeX color extensions (UK)

(/usr/share/texlive/texmf-dist/tex/latex/latexconfig/color.cfg
File: color.cfg 2007/01/18 v1.5 color configuration of teTeX/TeXLive
)
Package xcolor Info: Driver file: pdftex.def on input line 225.
Package xcolor Info: Model `cmy' substituted by `cmy0' on input line 1337.
Package xcolor Info: Model `hsb' substituted by `rgb' on input line 1341.
Package xcolor Info: Model `RGB' extended on input line 1353.
Package xcolor Info: Model `HTML' substituted by `rgb' on input line 1355.
Package xcolor Info: Model `Hsb' substituted by `hsb' on input line 1356.
Package xcolor Info: Model `tHsb' substituted by `hsb' on input line 1357.
Package xcolor Info: Model `HSB' substituted by `hsb' on input line 1358.
Package xcolor Info: Model `Gray' substituted by `gray' on input line 1359.
Package xcolor Info: Model `wave' substituted by `hsb' on input line 1360.

(/usr/share/texlive/texmf-dist/tex/latex/graphics/dvipsnam.def
File: dvipsnam.def 2015/12/30 v3.0k Driver-dependent file (DPC,SPQR)
))
(/usr/share/texlive/texmf-dist/tex/latex/hyperref/hyperref.sty
Package: hyperref 2012/11/06 v6.83m Hypertext links for LaTeX

(/usr/share/texlive/texmf-dist/tex/generic/oberdiek/hobsub-hyperref.sty
Package: hobsub-hyperref 2012/05/28 v1.13 Bundle oberdiek, subset hyperref (HO)


(/usr/share/texlive/texmf-dist/tex/generic/oberdiek/hobsub-generic.sty
Package: hobsub-generic 2012/05/28 v1.13 Bundle oberdiek, subset generic (HO)
Package: hobsub 2012/05/28 v1.13 Construct package bundles (HO)
Package hobsub Info: Skipping package `infwarerr' (already loaded).
Package hobsub Info: Skipping package `ltxcmds' (already loaded).
Package: ifluatex 2010/03/01 v1.3 Provides the ifluatex switch (HO)
Package ifluatex Info: LuaTeX not detected.
Package: ifvtex 2010/03/01 v1.5 Detect VTeX and its facilities (HO)
Package ifvtex Info: VTeX not detected.
Package: intcalc 2007/09/27 v1.1 Expandable calculations with integers (HO)
Package: ifpdf 2011/01/30 v2.3 Provides the ifpdf switch (HO)
Package ifpdf Info: pdfTeX in PDF mode is detected.
Package: etexcmds 2011/02/16 v1.5 Avoid name clashes with e-TeX commands (HO)
Package etexcmds Info: Could not find \expanded.
(etexcmds)             That can mean that you are not using pdfTeX 1.50 or
(etexcmds)             that some package has redefined \expanded.
(etexcmds)             In the latter case, load this package earlier.
Package: kvsetkeys 2012/04/25 v1.16 Key value parser (HO)
Package: kvdefinekeys 2011/04/07 v1.3 Define keys (HO)
Package: pdftexcmds 2011/11/29 v0.20 Utility functions of pdfTeX for LuaTeX (HO
)
Package pdftexcmds Info: LuaTeX not detected.
Package pdftexcmds Info: \pdf@primitive is available.
Package pdftexcmds Info: \pdf@ifprimitive is available.
Package pdftexcmds Info: \pdfdraftmode found.
Package: pdfescape 2011/11/25 v1.13 Implements pdfTeX's escape features (HO)
Package: bigintcalc 2012/04/08 v1.3 Expandable calculations on big integers (HO
)
Package: bitset 2011/01/30 v1.1 Handle bit-vector datatype (HO)
Package: uniquecounter 2011/01/30 v1.2 Provide unlimited unique counter (HO)
)
Package hobsub Info: Skipping package `hobsub' (already loaded).
Package: letltxmacro 2010/09/02 v1.4 Let assignment for LaTeX macros (HO)
Package: hopatch 2012/05/28 v1.2 Wrapper for package hooks (HO)
Package: xcolor-patch 2011/01/30 xcolor patch
Package: atveryend 2011/06/30 v1.8 Hooks at the very end of document (HO)
Package atveryend Info: \enddocument detected (standard20110627).
Package: atbegshi 2011/10/05 v1.16 At begin shipout hook (HO)
Package: refcount 2011/10/16 v3.4 Data extraction from label references (HO)
Package: hycolor 2011/01/30 v1.7 Color options for hyperref/bookmark (HO)
)
(/usr/share/texlive/texmf-dist/tex/generic/ifxetex/ifxetex.sty
Package: ifxetex 2010/09/12 v0.6 Provides ifxetex conditional
)
(/usr/share/texlive/texmf-dist/tex/latex/oberdiek/auxhook.sty
Package: auxhook 2011/03/04 v1.3 Hooks for auxiliary files (HO)
)
(/usr/share/texlive/texmf-dist/tex/latex/oberdiek/kvoptions.sty
Package: kvoptions 2011/06/30 v3.11 Key value format for package options (HO)
)
\@linkdim=\dimen118
\Hy@linkcounter=\count109
\Hy@pagecounter=\count110

(/usr/share/texlive/texmf-dist/tex/latex/hyperref/pd1enc.def
File: pd1enc.def 2012/11/06 v6.83m Hyperref: PDFDocEncoding definition (HO)
Now handling font encoding PD1 ...
... no UTF-8 mapping file for font encoding PD1
)
\Hy@SavedSpaceFactor=\count111

(/usr/share/texlive/texmf-dist/tex/latex/latexconfig/hyperref.cfg
File: hyperref.cfg 2002/06/06 v1.2 hyperref configuration of TeXLive
)
Package hyperref Info: Hyper figures OFF on input line 4443.
Package hyperref Info: Link nesting OFF on input line 4448.
Package hyperref Info: Hyper index ON on input line 4451.
Package hyperref Info: Plain pages OFF on input line 4458.
Package hyperref Info: Backreferencing OFF on input line 4463.
Package hyperref Info: Implicit mode ON; LaTeX internals redefined.
Package hyperref Info: Bookmarks ON on input line 4688.
\c@Hy@tempcnt=\count112

(/usr/share/texlive/texmf-dist/tex/latex/url/url.sty
\Urlmuskip=\muskip11
Package: url 2013/09/16  ver 3.4  Verb mode for urls, etc.
)
LaTeX Info: Redefining \url on input line 5041.
\XeTeXLinkMargin=\dimen119
\Fld@menulength=\count113
\Field@Width=\dimen120
\Fld@charsize=\dimen121
Package hyperref Info: Hyper figures OFF on input line 6295.
Package hyperref Info: Link nesting OFF on input line 6300.
Package hyperref Info: Hyper index ON on input line 6303.
Package hyperref Info: backreferencing OFF on input line 6310.
Package hyperref Info: Link coloring OFF on input line 6315.
Package hyperref Info: Link coloring with OCG OFF on input line 6320.
Package hyperref Info: PDF/A mode OFF on input line 6325.
LaTeX Info: Redefining \ref on input line 6365.
LaTeX Info: Redefining \pageref on input line 6369.
\Hy@abspage=\count114
\c@Item=\count115
\c@Hfootnote=\count116
)

Package hyperref Message: Driver (autodetected): hpdftex.

(/usr/share/texlive/texmf-dist/tex/latex/hyperref/hpdftex.def
File: hpdftex.def 2012/11/06 v6.83m Hyperref driver for pdfTeX
\Fld@listcount=\count117
\c@bookmark@seq@number=\count118

(/usr/share/texlive/texmf-dist/tex/latex/oberdiek/rerunfilecheck.sty
Package: rerunfilecheck 2011/04/15 v1.7 Rerun checks for auxiliary files (HO)
Package uniquecounter Info: New unique counter `rerunfilecheck' on input line 2
82.
)
\Hy@SectionHShift=\skip46
)
(./inf1400.aux)
\openout1 = `inf1400.aux'.

LaTeX Font Info:    Checking defaults for OML/cmm/m/it on input line 16.
LaTeX Font Info:    ... okay on input line 16.
LaTeX Font Info:    Checking defaults for T1/cmr/m/n on input line 16.
LaTeX Font Info:    ... okay on input line 16.
LaTeX Font Info:    Checking defaults for OT1/cmr/m/n on input line 16.
LaTeX Font Info:    ... okay on input line 16.
LaTeX Font Info:    Checking defaults for OMS/cmsy/m/n on input line 16.
LaTeX Font Info:    ... okay on input line 16.
LaTeX Font Info:    Checking defaults for OMX/cmex/m/n on input line 16.
LaTeX Font Info:    ... okay on input line 16.
LaTeX Font Info:    Checking defaults for U/cmr/m/n on input line 16.
LaTeX Font Info:    ... okay on input line 16.
LaTeX Font Info:    Checking defaults for PD1/pdf/m/n on input line 16.
LaTeX Font Info:    ... okay on input line 16.
\c@lstlisting=\count119
 (/usr/share/texlive/texmf-dist/tex/context/base/supp-pdf.mkii
[Loading MPS to PDF converter (version 2006.09.02).]
\scratchcounter=\count120
\scratchdimen=\dimen122
\scratchbox=\box32
\nofMPsegments=\count121
\nofMParguments=\count122
\everyMPshowfont=\toks25
\MPscratchCnt=\count123
\MPscratchDim=\dimen123
\MPnumerator=\count124
\makeMPintoPDFobject=\count125
\everyMPtoPDFconversion=\toks26
) (/usr/share/texlive/texmf-dist/tex/latex/oberdiek/epstopdf-base.sty
Package: epstopdf-base 2010/02/09 v2.5 Base part for package epstopdf

(/usr/share/texlive/texmf-dist/tex/latex/oberdiek/grfext.sty
Package: grfext 2010/08/19 v1.1 Manage graphics extensions (HO)
)
Package grfext Info: Graphics extension search list:
(grfext)             [.png,.pdf,.jpg,.mps,.jpeg,.jbig2,.jb2,.PNG,.PDF,.JPG,.JPE
G,.JBIG2,.JB2,.eps]
(grfext)             \AppendGraphicsExtensions on input line 452.

(/usr/share/texlive/texmf-dist/tex/latex/latexconfig/epstopdf-sys.cfg
File: epstopdf-sys.cfg 2010/07/13 v1.3 Configuration of (r)epstopdf for TeX Liv
e
))
\AtBeginShipoutBox=\box33
Package hyperref Info: Link coloring OFF on input line 16.

(/usr/share/texlive/texmf-dist/tex/latex/hyperref/nameref.sty
Package: nameref 2012/10/27 v2.43 Cross-referencing by name of section

(/usr/share/texlive/texmf-dist/tex/generic/oberdiek/gettitlestring.sty
Package: gettitlestring 2010/12/03 v1.4 Cleanup title references (HO)
)
\c@section@level=\count126
)
LaTeX Info: Redefining \ref on input line 16.
LaTeX Info: Redefining \pageref on input line 16.
LaTeX Info: Redefining \nameref on input line 16.

(./inf1400.out) (./inf1400.out)
\@outlinefile=\write3
\openout3 = `inf1400.out'.

LaTeX Font Info:    Try loading font information for U+esint on input line 20.

(/usr/share/texlive/texmf-dist/tex/latex/esint/uesint.fd
File: uesint.fd 
) (./inf1400.toc
[1

{/var/lib/texmf/fonts/map/pdftex/updmap/pdftex.map}] [2])
\tf@toc=\write4
\openout4 = `inf1400.toc'.

 [3]
<GATES.jpg, id=304, 1204.5pt x 571.13374pt>
File: GATES.jpg Graphic file (type jpg)
 <use GATES.jpg>
Package pdftex.def Info: GATES.jpg used on input line 98.
(pdftex.def)             Requested size: 421.58131pt x 199.8998pt.

Overfull \hbox (76.58131pt too wide) in paragraph at lines 98--99
[][] 
 []

[4] <NAND.jpg, id=309, 354.32375pt x 624.3325pt>
File: NAND.jpg Graphic file (type jpg)
 <use NAND.jpg>
Package pdftex.def Info: NAND.jpg used on input line 103.
(pdftex.def)             Requested size: 354.32288pt x 624.33098pt.

Overfull \hbox (9.32288pt too wide) in paragraph at lines 103--104
[][] 
 []

[5 <./GATES.jpg>]
Overfull \vbox (104.27542pt too high) has occurred while \output is active []


[6 <./NAND.jpg>] <nor.png, id=320, 494.84875pt x 240.9pt>
File: nor.png Graphic file (type png)
 <use nor.png>
Package pdftex.def Info: nor.png used on input line 109.
(pdftex.def)             Requested size: 296.91154pt x 144.5411pt.

<NasX.PNG, id=322, 419.5675pt x 179.67125pt>
File: NasX.PNG Graphic file (type png)
 <use NasX.PNG>
Package pdftex.def Info: NasX.PNG used on input line 114.
(pdftex.def)             Requested size: 251.74243pt x 107.80356pt.

<Huntington.png, id=323, 650.43pt x 412.54124pt>
File: Huntington.png Graphic file (type png)
 <use Huntington.png>
Package pdftex.def Info: Huntington.png used on input line 121.
(pdftex.def)             Requested size: 227.6539pt x 144.39159pt.
 [7 <./nor.png> <./NasX.PNG>] <DeMorgan.png, id=333, 342.27875pt x 402.50375pt>
File: DeMorgan.png Graphic file (type png)

<use DeMorgan.png>
Package pdftex.def Info: DeMorgan.png used on input line 129.
(pdftex.def)             Requested size: 136.90906pt x 160.99864pt.
 <Komplement.png, id=334, 636.3775pt x 401.5pt>
File: Komplement.png Graphic file (type png)

<use Komplement.png>
Package pdftex.def Info: Komplement.png used on input line 134.
(pdftex.def)             Requested size: 350.0087pt x 220.82567pt.

Overfull \hbox (5.0087pt too wide) in paragraph at lines 134--135
[][] 
 []

[8 <./Huntington.png> <./DeMorgan.png>]
<Regneregler.png, id=341, 641.39626pt x 413.545pt>
File: Regneregler.png Graphic file (type png)
 <use Regneregler.png>
Package pdftex.def Info: Regneregler.png used on input line 139.
(pdftex.def)             Requested size: 384.84071pt x 248.1289pt.

Overfull \hbox (39.84071pt too wide) in paragraph at lines 139--140
[][] 
 []

[9 <./Komplement.png> <./Regneregler.png>]
<Forenkling.png, id=348, 653.44125pt x 282.05376pt>
File: Forenkling.png Graphic file (type png)
 <use Forenkling.png>
Package pdftex.def Info: Forenkling.png used on input line 172.
(pdftex.def)             Requested size: 392.06776pt x 169.23355pt.

Overfull \hbox (47.06776pt too wide) in paragraph at lines 172--173
[][] 
 []

<Forenkling2.png, id=349, 697.60625pt x 320.19624pt>
File: Forenkling2.png Graphic file (type png)
 <use Forenkling2.png>
Package pdftex.def Info: Forenkling2.png used on input line 177.
(pdftex.def)             Requested size: 418.56697pt x 192.11922pt.

Overfull \hbox (73.56697pt too wide) in paragraph at lines 177--178
[][] 
 []

[10 <./Forenkling.png>] <maksmin.jpg, id=355, 445.665pt x 276.03125pt>
File: maksmin.jpg Graphic file (type jpg)

<use maksmin.jpg>
Package pdftex.def Info: maksmin.jpg used on input line 184.
(pdftex.def)             Requested size: 356.53249pt x 220.82529pt.

Overfull \hbox (11.53249pt too wide) in paragraph at lines 184--185
[][] 
 []

[11 <./Forenkling2.png> <./maksmin.jpg>]
Overfull \hbox (2.3897pt too wide) in paragraph at lines 233--235
[]\OT1/cmr/m/n/10 For to vari-able finnes det 4 forskjel-lige mak-ster-mer: (x'
y)(x+y')(x'+y)(x'+y') 
 []

[12] <KarnaD.jpg, id=367, 752.8125pt x 399.4925pt>
File: KarnaD.jpg Graphic file (type jpg)
 <use KarnaD.jpg>
Package pdftex.def Info: KarnaD.jpg used on input line 261.
(pdftex.def)             Requested size: 451.69098pt x 239.69734pt.

Overfull \hbox (106.69098pt too wide) in paragraph at lines 261--262
[][] 
 []

[13] <XOR.jpg, id=373, 386.44376pt x 324.21124pt>
File: XOR.jpg Graphic file (type jpg)
 <use XOR.jpg>
Package pdftex.def Info: XOR.jpg used on input line 266.
(pdftex.def)             Requested size: 231.86804pt x 194.52824pt.

<X.jpg, id=374, 361.35pt x 593.21625pt>
File: X.jpg Graphic file (type jpg)
 <use X.jpg>
Package pdftex.def Info: X.jpg used on input line 271.
(pdftex.def)             Requested size: 252.94327pt x 415.24854pt.
 [14 <./KarnaD.jpg> <./XOR.jpg>] <x.jpg, id=381, 486.81876pt x 258.9675pt>
File: x.jpg Graphic file (type jpg)
 <use x.jpg>
Package pdftex.def Info: x.jpg used on input line 276.
(pdftex.def)             Requested size: 340.7708pt x 181.27599pt.
 [15 <./X.jpg>]
<Nega.jpg, id=387, 146.5475pt x 427.5975pt>
File: Nega.jpg Graphic file (type jpg)
 <use Nega.jpg>
Package pdftex.def Info: Nega.jpg used on input line 296.
(pdftex.def)             Requested size: 102.58253pt x 299.31621pt.
 [16 <./x.jpg>]
[17 <./Nega.jpg>] <halvadd.jpg, id=398, 646.415pt x 247.92625pt>
File: halvadd.jpg Graphic file (type jpg)

<use halvadd.jpg>
Package pdftex.def Info: halvadd.jpg used on input line 326.
(pdftex.def)             Requested size: 452.48741pt x 173.54718pt.

Overfull \hbox (107.48741pt too wide) in paragraph at lines 326--327
[][] 
 []

<Fulladd.jpg, id=399, 329.23pt x 322.20375pt>
File: Fulladd.jpg Graphic file (type jpg)
 <use Fulladd.jpg>
Package pdftex.def Info: Fulladd.jpg used on input line 335.
(pdftex.def)             Requested size: 230.45941pt x 225.54108pt.
 [18 <./halvadd.jpg>] <adderment.jpg, id=405, 615.29875pt x 220.825pt>
File: adderment.jpg Graphic file (type jpg)
 <use adderment.jpg>
Package pdftex.def Info: adderment.jpg used on input line 341.
(pdftex.def)             Requested size: 369.1821pt x 132.496pt.

Overfull \hbox (24.1821pt too wide) in paragraph at lines 341--342
[][] 
 []

<addeks.jpg, id=406, 662.475pt x 299.1175pt>
File: addeks.jpg Graphic file (type jpg)
 <use addeks.jpg>
Package pdftex.def Info: addeks.jpg used on input line 346.
(pdftex.def)             Requested size: 397.48807pt x 179.47188pt.

Overfull \hbox (52.48807pt too wide) in paragraph at lines 346--347
[][] 
 []

[19 <./Fulladd.jpg> <./adderment.jpg>]
<komp1.jpg, id=414, 454.69875pt x 114.4275pt>
File: komp1.jpg Graphic file (type jpg)
 <use komp1.jpg>
Package pdftex.def Info: komp1.jpg used on input line 362.
(pdftex.def)             Requested size: 272.82135pt x 68.65701pt.

<komp2.jpg, id=415, 550.055pt x 347.2975pt>
File: komp2.jpg Graphic file (type jpg)
 <use komp2.jpg>
Package pdftex.def Info: komp2.jpg used on input line 368.
(pdftex.def)             Requested size: 330.03554pt x 208.3801pt.
 [20 <./addeks.jpg> <./komp1.jpg>] <komp3.jpg, id=422, 552.0625pt x 362.35374pt
>
File: komp3.jpg Graphic file (type jpg)
 <use komp3.jpg>
Package pdftex.def Info: komp3.jpg used on input line 373.
(pdftex.def)             Requested size: 331.24005pt x 217.41393pt.

[21 <./komp2.jpg> <./komp3.jpg>] <decoder.jpg, id=429, 513.92pt x 340.27126pt>
File: decoder.jpg Graphic file (type jpg)

<use decoder.jpg>
Package pdftex.def Info: decoder.jpg used on input line 383.
(pdftex.def)             Requested size: 308.35437pt x 204.16432pt.
 <enkoder.jpg, id=430, 370.38374pt x 320.19624pt>
File: enkoder.jpg Graphic file (type jpg)

<use enkoder.jpg>
Package pdftex.def Info: enkoder.jpg used on input line 391.
(pdftex.def)             Requested size: 222.23195pt x 192.11922pt.
 [22 <./decoder.jpg>]
<MUX.jpg, id=436, 503.8825pt x 292.09125pt>
File: MUX.jpg Graphic file (type jpg)
 <use MUX.jpg>
Package pdftex.def Info: MUX.jpg used on input line 404.
(pdftex.def)             Requested size: 302.33183pt x 175.25609pt.

<MUX2.jpg, id=437, 707.64375pt x 311.1625pt>
File: MUX2.jpg Graphic file (type jpg)
 <use MUX2.jpg>
Package pdftex.def Info: MUX2.jpg used on input line 409.
(pdftex.def)             Requested size: 424.58952pt x 186.69894pt.

Overfull \hbox (79.58952pt too wide) in paragraph at lines 409--410
[][] 
 []

[23 <./enkoder.jpg> <./MUX.jpg>]
<DEMUX.jpg, id=444, 330.23375pt x 257.96375pt>
File: DEMUX.jpg Graphic file (type jpg)
 <use DEMUX.jpg>
Package pdftex.def Info: DEMUX.jpg used on input line 418.
(pdftex.def)             Requested size: 198.14177pt x 154.77943pt.
 [24 <./MUX2.jpg> <./DEMUX.jpg>] <flanke.jpg, id=451, 362.35374pt x 138.5175pt>
File: flanke.jpg Graphic file (type jpg)

<use flanke.jpg>
Package pdftex.def Info: flanke.jpg used on input line 447.
(pdftex.def)             Requested size: 217.41393pt x 83.11113pt.
 <klokking.jpg, id=452, 677.53125pt x 410.53375pt>
File: klokking.jpg Graphic file (type jpg)

<use klokking.jpg>
Package pdftex.def Info: klokking.jpg used on input line 463.
(pdftex.def)             Requested size: 406.52188pt x 246.32214pt.

Overfull \hbox (61.52188pt too wide) in paragraph at lines 463--464
[][] 
 []

[25 <./flanke.jpg>] <srlatch.png, id=460, 200.75pt x 125.46875pt>
File: srlatch.png Graphic file (type png)

<use srlatch.png>
Package pdftex.def Info: srlatch.png used on input line 485.
(pdftex.def)             Requested size: 120.45091pt x 75.28181pt.
 [26 <./klokking.jpg>]
<srL.png, id=466, 464.73625pt x 168.63pt>
File: srL.png Graphic file (type png)
 <use srL.png>
Package pdftex.def Info: srL.png used on input line 490.
(pdftex.def)             Requested size: 278.84389pt x 101.17877pt.

<dL.png, id=467, 541.02126pt x 454.69875pt>
File: dL.png Graphic file (type png)
 <use dL.png>
Package pdftex.def Info: dL.png used on input line 507.
(pdftex.def)             Requested size: 324.61525pt x 272.82135pt.
 [27 <./srlatch.png> <./srL.png (PNG copy)>] <flip-flop.jpg, id=475, 634.37pt x
 680.5425pt>
File: flip-flop.jpg Graphic file (type jpg)

<use flip-flop.jpg>
Package pdftex.def Info: flip-flop.jpg used on input line 520.
(pdftex.def)             Requested size: 380.62492pt x 408.32864pt.

Overfull \hbox (35.62492pt too wide) in paragraph at lines 520--521
[][] 
 []

[28 <./dL.png>]
LaTeX Font Info:    Try loading font information for OMS+cmr on input line 526.

 (/usr/share/texlive/texmf-dist/tex/latex/base/omscmr.fd
File: omscmr.fd 2014/09/29 v2.5h Standard LaTeX font definitions
)
LaTeX Font Info:    Font shape `OMS/cmr/m/n' in size <10> not available
(Font)              Font shape `OMS/cmsy/m/n' tried instead on input line 526.

[29 <./flip-flop.jpg>] <srFlip.jpg, id=486, 298.11375pt x 356.0803pt>
File: srFlip.jpg Graphic file (type jpg)

<use srFlip.jpg>
Package pdftex.def Info: srFlip.jpg used on input line 543.
(pdftex.def)             Requested size: 178.86963pt x 213.64983pt.
 <jkFlip.jpg, id=487, 556.0775pt x 308.15125pt>
File: jkFlip.jpg Graphic file (type jpg)

<use jkFlip.jpg>
Package pdftex.def Info: jkFlip.jpg used on input line 551.
(pdftex.def)             Requested size: 333.64908pt x 184.89217pt.
 [30 <./srFlip.jpg>]
<jkFlip2.jpg, id=493, 234.8775pt x 436.63126pt>
File: jkFlip2.jpg Graphic file (type jpg)
 <use jkFlip2.jpg>
Package pdftex.def Info: jkFlip2.jpg used on input line 556.
(pdftex.def)             Requested size: 140.92758pt x 261.98077pt.

<dFlip.jpg, id=494, 592.2125pt x 398.48875pt>
File: dFlip.jpg Graphic file (type jpg)
 <use dFlip.jpg>
Package pdftex.def Info: dFlip.jpg used on input line 564.
(pdftex.def)             Requested size: 355.33023pt x 239.0951pt.

Overfull \hbox (10.33023pt too wide) in paragraph at lines 564--565
[][] 
 []

[31 <./jkFlip.jpg> <./jkFlip2.jpg>]
<dFlip2.jpg, id=502, 318.43968pt x 430.60875pt>
File: dFlip2.jpg Graphic file (type jpg)
 <use dFlip2.jpg>
Package pdftex.def Info: dFlip2.jpg used on input line 569.
(pdftex.def)             Requested size: 191.06528pt x 258.36723pt.
 [32 <./dFlip.jpg>] <tFlip.jpg, id=508, 665.48625pt x 421.575pt>
File: tFlip.jpg Graphic file (type jpg)
 <use tFlip.jpg>
Package pdftex.def Info: tFlip.jpg used on input line 577.
(pdftex.def)             Requested size: 399.29483pt x 252.94695pt.

Overfull \hbox (54.29483pt too wide) in paragraph at lines 577--578
[][] 
 []

[33 <./dFlip2.jpg>] <tFlip2.jpg, id=514, 266.49562pt x 410.2828pt>
File: tFlip2.jpg Graphic file (type jpg)

<use tFlip2.jpg>
Package pdftex.def Info: tFlip2.jpg used on input line 582.
(pdftex.def)             Requested size: 159.89859pt x 246.17157pt.
 [34 <./tFlip.jpg>] [35 <./tFlip2.jpg>]
<ekstil.jpg, id=525, 350.30875pt x 679.53876pt>
File: ekstil.jpg Graphic file (type jpg)
 <use ekstil.jpg>
Package pdftex.def Info: ekstil.jpg used on input line 633.
(pdftex.def)             Requested size: 210.18686pt x 407.72641pt.
 [36]
<tilstanddiagram.jpg, id=530, 554.07pt x 232.87pt>
File: tilstanddiagram.jpg Graphic file (type jpg)
 <use tilstanddiagram.jpg>
Package pdftex.def Info: tilstanddiagram.jpg used on input line 642.
(pdftex.def)             Requested size: 332.44456pt x 139.72307pt.

[37 <./ekstil.jpg>]
File: tilstanddiagram.jpg Graphic file (type jpg)
 <use tilstanddiagram.jpg>
Package pdftex.def Info: tilstanddiagram.jpg used on input line 647.
(pdftex.def)             Requested size: 332.44456pt x 139.72307pt.

<tilstandeks.jpg, id=537, 614.295pt x 286.06876pt>
File: tilstandeks.jpg Graphic file (type jpg)
 <use tilstandeks.jpg>
Package pdftex.def Info: tilstandeks.jpg used on input line 652.
(pdftex.def)             Requested size: 368.57983pt x 171.64258pt.

Overfull \hbox (23.57983pt too wide) in paragraph at lines 652--653
[][] 
 []

[38 <./tilstanddiagram.jpg>] <red.jpg, id=544, 515.9275pt x 432.61626pt>
File: red.jpg Graphic file (type jpg)

<use red.jpg>
Package pdftex.def Info: red.jpg used on input line 662.
(pdftex.def)             Requested size: 309.55888pt x 259.57176pt.
 [39 <./tilstandeks.jpg>]
<tilordning.jpg, id=550, 695.59875pt x 379.4175pt>
File: tilordning.jpg Graphic file (type jpg)
 <use tilordning.jpg>
Package pdftex.def Info: tilordning.jpg used on input line 677.
(pdftex.def)             Requested size: 417.36247pt x 227.65225pt.

Overfull \hbox (72.36247pt too wide) in paragraph at lines 677--678
[][] 
 []

[40 <./red.jpg>] <ubrukt.jpg, id=556, 715.67375pt x 373.395pt>
File: ubrukt.jpg Graphic file (type jpg)

<use ubrukt.jpg>
Package pdftex.def Info: ubrukt.jpg used on input line 683.
(pdftex.def)             Requested size: 429.40756pt x 224.03873pt.

Overfull \hbox (84.40756pt too wide) in paragraph at lines 683--684
[][] 
 []

[41 <./tilordning.jpg>] <prosedyre.jpg, id=562, 559.08875pt x 336.25626pt>
File: prosedyre.jpg Graphic file (type jpg)

<use prosedyre.jpg>
Package pdftex.def Info: prosedyre.jpg used on input line 689.
(pdftex.def)             Requested size: 335.45583pt x 201.75531pt.
 [42 <./ubrukt.jpg>] [43 <./prosedyre.jpg>] [44]
<CMOSinv.jpg, id=578, 575.14874pt x 431.6125pt>
File: CMOSinv.jpg Graphic file (type jpg)
 <use CMOSinv.jpg>
Package pdftex.def Info: CMOSinv.jpg used on input line 760.
(pdftex.def)             Requested size: 345.0919pt x 258.96948pt.
 [45] [46 <./CMOSinv.jpg>] <OPPned.jpg, id=589, 391.4625pt x 443.6575pt>
File: OPPned.jpg Graphic file (type jpg)
 <use OPPned.jpg>
Package pdftex.def Info: OPPned.jpg used on input line 791.
(pdftex.def)             Requested size: 234.8793pt x 266.19655pt.

[47] <nMOSserie.jpg, id=594, 459.7175pt x 228.855pt>
File: nMOSserie.jpg Graphic file (type jpg)
 <use nMOSserie.jpg>
Package pdftex.def Info: nMOSserie.jpg used on input line 799.
(pdftex.def)             Requested size: 275.83263pt x 137.31404pt.

[48 <./OPPned.jpg>] <pMOSpara.jpg, id=600, 406.51875pt x 344.28625pt>
File: pMOSpara.jpg Graphic file (type jpg)

<use pMOSpara.jpg>
Package pdftex.def Info: pMOSpara.jpg used on input line 806.
(pdftex.def)             Requested size: 243.91312pt x 206.57333pt.
 <pMOSserie.jpg, id=601, 419.5675pt x 226.8475pt>
File: pMOSserie.jpg Graphic file (type jpg)

<use pMOSserie.jpg>
Package pdftex.def Info: pMOSserie.jpg used on input line 813.
(pdftex.def)             Requested size: 251.74243pt x 136.10954pt.
 [49 <./nMOSserie.jpg> <./pMOSpara.jpg>]
File: pMOSpara.jpg Graphic file (type jpg)
 <use pMOSpara.jpg>
Package pdftex.def Info: pMOSpara.jpg used on input line 820.
(pdftex.def)             Requested size: 243.91312pt x 206.57333pt.

[50 <./pMOSserie.jpg>] <CMOSeks.jpg, id=615, 269.005pt x 388.45125pt>
File: CMOSeks.jpg Graphic file (type jpg)

<use CMOSeks.jpg>
Package pdftex.def Info: CMOSeks.jpg used on input line 834.
(pdftex.def)             Requested size: 161.40424pt x 233.07254pt.
Package atveryend Info: Empty hook `BeforeClearDocument' on input line 840.
 [51 <./CMOSeks.jpg>]
Package atveryend Info: Empty hook `AfterLastShipout' on input line 840.
 (./inf1400.aux)
Package atveryend Info: Executing hook `AtVeryEndDocument' on input line 840.
Package atveryend Info: Executing hook `AtEndAfterFileList' on input line 840.
Package rerunfilecheck Info: File `inf1400.out' has not changed.
(rerunfilecheck)             Checksum: 6AE417A71353ABC17AF01D4990C8FE1A;3892.
Package atveryend Info: Empty hook `AtVeryVeryEnd' on input line 840.
 ) 
Here is how much of TeX's memory you used:
 8386 strings out of 493029
 117420 string characters out of 6136234
 211987 words of memory out of 5000000
 11616 multiletter control sequences out of 15000+600000
 9425 words of font info for 39 fonts, out of 8000000 for 9000
 1141 hyphenation exceptions out of 8191
 29i,8n,35p,459b,356s stack positions out of 5000i,500n,10000p,200000b,80000s
</usr/share/texlive/texmf-dist/fonts/type1/public/amsfonts/cm/cmbx10.pfb></us
r/share/texlive/texmf-dist/fonts/type1/public/amsfonts/cm/cmbx12.pfb></usr/shar
e/texlive/texmf-dist/fonts/type1/public/amsfonts/cm/cmex10.pfb></usr/share/texl
ive/texmf-dist/fonts/type1/public/amsfonts/cm/cmmi10.pfb></usr/share/texlive/te
xmf-dist/fonts/type1/public/amsfonts/cm/cmmi7.pfb></usr/share/texlive/texmf-dis
t/fonts/type1/public/amsfonts/cm/cmr10.pfb></usr/share/texlive/texmf-dist/fonts
/type1/public/amsfonts/cm/cmr12.pfb></usr/share/texlive/texmf-dist/fonts/type1/
public/amsfonts/cm/cmr17.pfb></usr/share/texlive/texmf-dist/fonts/type1/public/
amsfonts/cm/cmr7.pfb></usr/share/texlive/texmf-dist/fonts/type1/public/amsfonts
/cm/cmsy10.pfb></usr/share/texlive/texmf-dist/fonts/type1/public/amsfonts/cm/cm
sy7.pfb>
Output written on inf1400.pdf (51 pages, 1753387 bytes).
PDF statistics:
 696 PDF objects out of 1000 (max. 8388607)
 570 compressed objects within 6 object streams
 164 named destinations out of 1000 (max. 500000)
 711 words of extra memory for PDF output out of 10000 (max. 10000000)

